
R version 4.4.0 (2024-04-24) -- "Puppy Cup"
Copyright (C) 2024 The R Foundation for Statistical Computing
Platform: aarch64-apple-darwin20

R is free software and comes with ABSOLUTELY NO WARRANTY.
You are welcome to redistribute it under certain conditions.
Type 'license()' or 'licence()' for distribution details.

  Natural language support but running in an English locale

R is a collaborative project with many contributors.
Type 'contributors()' for more information and
'citation()' on how to cite R or R packages in publications.

Type 'demo()' for some demos, 'help()' for on-line help, or
'help.start()' for an HTML browser interface to help.
Type 'q()' to quit R.

> # getAssessments.R
> # R to get assessments as of 2023 mid-year
> # Tom Davidoff
> # 05/30/25
> 
> library(data.table)
> 
> df <- fread("~/OneDrive\ -\ UBC/Documents/data/bca/data_advice_REVD24_20240331/bca_folio_gnrl_property_values_20240331_REVD24.csv",select=c("FOLIO_ID","GEN_NET_IMPROVEMENT_VALUE","GEN_NET_LAND_VALUE"))
> fwrite(df,"data/derived/assessments.csv")
> 
> proc.time()
   user  system elapsed 
  1.000   0.101   1.598 
