
R version 4.4.0 (2024-04-24) -- "Puppy Cup"
Copyright (C) 2024 The R Foundation for Statistical Computing
Platform: aarch64-apple-darwin20

R is free software and comes with ABSOLUTELY NO WARRANTY.
You are welcome to redistribute it under certain conditions.
Type 'license()' or 'licence()' for distribution details.

  Natural language support but running in an English locale

R is a collaborative project with many contributors.
Type 'contributors()' for more information and
'citation()' on how to cite R or R packages in publications.

Type 'demo()' for some demos, 'help()' for on-line help, or
'help.start()' for an HTML browser interface to help.
Type 'q()' to quit R.

> # getDescriptions.R
> # R to get file descriptions from BCA data 2023 assessed, 2024 published
> # Tom Davidoff
> # 05/30/25
> 
> library(data.table)
> 
> df <- fread("~/OneDrive\ -\ UBC/Documents/data/bca/data_advice_REVD24_20240331/bca_folio_descriptions_20240331_REVD24.csv",select=c("ACTUAL_USE_DESCRIPTION","ROLL_NUMBER","FOLIO_ID","JURISDICTION_CODE","JURISDICTION","LAND_WIDTH","LAND_SIZE","LAND_DEPTH","NEIGHBOURHOOD","REGIONAL_DISTRICT","TENURE_DESCRIPTION"))
> 
> df <- df[REGIONAL_DISTRICT=="Metro Vancouver"]
> df <- df[ACTUAL_USE_DESCRIPTION %in% c("Single Family Dwelling","Residential Dwelling with Suite")]
> 
> fwrite(df,"data/derived/descriptions.csv")
> 
> proc.time()
   user  system elapsed 
  2.782   0.134   2.915 
