
R version 4.5.0 (2025-04-11) -- "How About a Twenty-Six"
Copyright (C) 2025 The R Foundation for Statistical Computing
Platform: aarch64-apple-darwin20

R is free software and comes with ABSOLUTELY NO WARRANTY.
You are welcome to redistribute it under certain conditions.
Type 'license()' or 'licence()' for distribution details.

  Natural language support but running in an English locale

R is a collaborative project with many contributors.
Type 'contributors()' for more information and
'citation()' on how to cite R or R packages in publications.

Type 'demo()' for some demos, 'help()' for on-line help, or
'help.start()' for an HTML browser interface to help.
Type 'q()' to quit R.

> # getGeo.R
> # R to get postal code 
> # Tom Davidoff
> # 05/30/25
> 
> library(data.table)
> library(RSQLite)
> library(sf)
Linking to GEOS 3.13.0, GDAL 3.8.5, PROJ 9.5.1; sf_use_s2() is TRUE
> 
> # connect to file foo.db
> df <- dbConnect(SQLite(), dbname = "~/OneDrive - UBC/Documents/data/bca/bca_folios.gpkg.gpkg")
> # read the following table with sf
> # WHSE_HUMAN_CULTURAL_ECONOMIC_BCA_FOLIO_ADDRESSES_SV
> # and print the first 10 rows
> # get the data from the database, select only two columns, folioid and geom
> 
> dg <- sf::st_read(df, query = "SELECT FOLIO_ID, STREET_NUMBER, STREET_NAME, geom FROM WHSE_HUMAN_CULTURAL_ECONOMIC_BCA_FOLIO_ADDRESSES_SV")
> print(dg[1:10, ])
Simple feature collection with 10 features and 3 fields
Geometry type: POLYGON
Dimension:     XY
Bounding box:  xmin: 1204781 ymin: 475696.6 xmax: 1204869 ymax: 476509.8
CRS:           NA
     FOLIO_ID STREET_NUMBER STREET_NAME                           geom
1  A00000006W          2020    HIGHBURY POLYGON ((1204823 476462.6,...
2  A00000006X          2020    HIGHBURY POLYGON ((1204823 476462.6,...
3  A00000006Z          2020    HIGHBURY POLYGON ((1204823 476462.6,...
4  A000000070          2020    HIGHBURY POLYGON ((1204823 476462.6,...
5  A000000071          2020    HIGHBURY POLYGON ((1204823 476462.6,...
6  A000000072          2020    HIGHBURY POLYGON ((1204823 476462.6,...
7  A000000074          2020    HIGHBURY POLYGON ((1204823 476462.6,...
8  A000000075          2020    HIGHBURY POLYGON ((1204823 476462.6,...
9  A000000076          3792        12TH POLYGON ((1204834 475744.5,...
10 A00000007C          2869    HIGHBURY POLYGON ((1204814 475712.4,...
> 
> # convert to standard lat_lon
> # set the crs to 3005
> # and then transform to WGS84 (4326)
> # assuming the original CRS is 3005
> 
> dg <- st_set_crs(dg, 3005) # set the CRS to 3005
> dg <- st_transform(dg, crs = 4326) # assuming the original CRS is 3005
> print(dg[1:20, ])
Simple feature collection with 20 features and 3 fields
Geometry type: POLYGON
Dimension:     XY
Bounding box:  xmin: -123.1885 ymin: 49.25921 xmax: -123.1862 ymax: 49.2683
Geodetic CRS:  WGS 84
First 10 features:
     FOLIO_ID STREET_NUMBER STREET_NAME                           geom
1  A00000006W          2020    HIGHBURY POLYGON ((-123.1875 49.2678...
2  A00000006X          2020    HIGHBURY POLYGON ((-123.1875 49.2678...
3  A00000006Z          2020    HIGHBURY POLYGON ((-123.1875 49.2678...
4  A000000070          2020    HIGHBURY POLYGON ((-123.1875 49.2678...
5  A000000071          2020    HIGHBURY POLYGON ((-123.1875 49.2678...
6  A000000072          2020    HIGHBURY POLYGON ((-123.1875 49.2678...
7  A000000074          2020    HIGHBURY POLYGON ((-123.1875 49.2678...
8  A000000075          2020    HIGHBURY POLYGON ((-123.1875 49.2678...
9  A000000076          3792        12TH POLYGON ((-123.1878 49.2614...
10 A00000007C          2869    HIGHBURY POLYGON ((-123.188 49.26114...
> # get centroids of geometry and create a data.table with the folioid and the centroid coordinates of the geom variable
> centroids <- st_centroid(st_make_valid(dg))
Warning message:
st_centroid assumes attributes are constant over geometries 
> centroids_dt <- data.table(
+   FOLIO_ID = centroids$FOLIO_ID,
+   lon = st_coordinates(centroids)[, 1],
+   lat = st_coordinates(centroids)[, 2],
+   street_number = centroids$STREET_NUMBER,
+   street_name = centroids$STREET_NAME
+ )
> print(centroids_dt[1:10, ])
      FOLIO_ID       lon      lat street_number street_name
        <char>     <num>    <num>        <char>      <char>
 1: A00000006W -123.1872 49.26809          2020    HIGHBURY
 2: A00000006X -123.1872 49.26809          2020    HIGHBURY
 3: A00000006Z -123.1872 49.26809          2020    HIGHBURY
 4: A000000070 -123.1872 49.26809          2020    HIGHBURY
 5: A000000071 -123.1872 49.26809          2020    HIGHBURY
 6: A000000072 -123.1872 49.26809          2020    HIGHBURY
 7: A000000074 -123.1872 49.26809          2020    HIGHBURY
 8: A000000075 -123.1872 49.26809          2020    HIGHBURY
 9: A000000076 -123.1876 49.26150          3792        12TH
10: A00000007C -123.1883 49.26108          2869    HIGHBURY
> 
> fwrite(centroids_dt, "data/derived/folioCentroids.csv")
> q("no")
> proc.time()
   user  system elapsed 
167.092   7.910 177.099 
